<?xml version="1.0" encoding="UTF-8"?>
<!-- Generated by org.testng.reporters.JUnitXMLReporter -->
<testsuite hostname="DESKTOP-CL61B33" ignored="0" name="MyNumberlisting" tests="5" failures="0" timestamp="2021-11-03T17:13:56 PKT" time="77.331" errors="0">
  <testcase name="SetCallerId" time="24.148" classname="com.onesuite.testcases.MyNumberlisting"/>
  <testcase name="SetCallforwarding" time="15.777" classname="com.onesuite.testcases.MyNumberlisting"/>
  <testcase name="AutoRenew" time="21.139" classname="com.onesuite.testcases.MyNumberlisting"/>
  <testcase name="AddCLI" time="5.244" classname="com.onesuite.testcases.MyNumberlisting"/>
  <testcase name="AddName" time="10.966" classname="com.onesuite.testcases.MyNumberlisting"/>
</testsuite> <!-- MyNumberlisting -->
