<?xml version="1.0" encoding="UTF-8"?>
<!-- Generated by org.testng.reporters.JUnitXMLReporter -->
<testsuite hostname="DESKTOP-CL61B33" ignored="0" name="Default test(failed)" tests="1" failures="0" timestamp="2021-10-28T20:13:54 PKT" time="0.055" errors="0">
  <testcase name="@BeforeSuite Setup" time="0.025" classname="com.onesuite.base.TestBase">
    <failure type="java.lang.NullPointerException">
      <![CDATA[java.lang.NullPointerException
at java.util.Properties$LineReader.readLine(Properties.java:434)
at java.util.Properties.load0(Properties.java:353)
at java.util.Properties.load(Properties.java:341)
at com.onesuite.base.TestBase.Setup(TestBase.java:48)
... Removed 19 stack frames]]>
    </failure>
  </testcase> <!-- @BeforeSuite Setup -->
  <testcase name="signup" time="0.0" classname="com.onesuite.testcases.Signup_Subsciber">
    <skipped/>
  </testcase> <!-- signup -->
</testsuite> <!-- Default test(failed) -->
